cn40-l40.prajna.iitb.ac.in
Tue Nov 25 07:58:13 2025       
+-----------------------------------------------------------------------------------------+
| NVIDIA-SMI 570.86.15              Driver Version: 570.86.15      CUDA Version: 12.8     |
|-----------------------------------------+------------------------+----------------------+
| GPU  Name                 Persistence-M | Bus-Id          Disp.A | Volatile Uncorr. ECC |
| Fan  Temp   Perf          Pwr:Usage/Cap |           Memory-Usage | GPU-Util  Compute M. |
|                                         |                        |               MIG M. |
|=========================================+========================+======================|
|   0  NVIDIA L40S                    Off |   00000000:2D:00.0 Off |                    0 |
| N/A   38C    P0             82W /  350W |       1MiB /  46068MiB |      0%      Default |
|                                         |                        |                  N/A |
+-----------------------------------------+------------------------+----------------------+
                                                                                         
+-----------------------------------------------------------------------------------------+
| Processes:                                                                              |
|  GPU   GI   CI              PID   Type   Process name                        GPU Memory |
|        ID   ID                                                               Usage      |
|=========================================================================================|
|  No running processes found                                                             |
+-----------------------------------------------------------------------------------------+
/scratch/slurm_conf/spool/slurm/d/job40328/slurm_script: line 17: cd: workspace/doctr-dit/: No such file or directory
[I 2025-11-25 07:58:28.763 ServerApp] jupyter_lsp | extension was successfully linked.
[I 2025-11-25 07:58:28.766 ServerApp] jupyter_server_terminals | extension was successfully linked.
[I 2025-11-25 07:58:28.768 ServerApp] jupyterlab | extension was successfully linked.
[I 2025-11-25 07:58:28.771 ServerApp] notebook | extension was successfully linked.
[I 2025-11-25 07:58:32.247 ServerApp] notebook_shim | extension was successfully linked.
[I 2025-11-25 07:58:32.410 ServerApp] notebook_shim | extension was successfully loaded.
[I 2025-11-25 07:58:32.411 ServerApp] jupyter_lsp | extension was successfully loaded.
[I 2025-11-25 07:58:32.412 ServerApp] jupyter_server_terminals | extension was successfully loaded.
[I 2025-11-25 07:58:32.422 LabApp] JupyterLab extension loaded from /home/compiling-ganesh/24m0797/workspace/doctr-dit/.venv/lib/python3.13/site-packages/jupyterlab
[I 2025-11-25 07:58:32.422 LabApp] JupyterLab application directory is /home/compiling-ganesh/24m0797/workspace/doctr-dit/.venv/share/jupyter/lab
[I 2025-11-25 07:58:32.422 LabApp] Extension Manager is 'pypi'.
[I 2025-11-25 07:58:32.823 ServerApp] jupyterlab | extension was successfully loaded.
[I 2025-11-25 07:58:32.827 ServerApp] notebook | extension was successfully loaded.
[I 2025-11-25 07:58:32.828 ServerApp] Serving notebooks from local directory: /home/compiling-ganesh/24m0797/workspace/doctr-dit
[I 2025-11-25 07:58:32.828 ServerApp] Jupyter Server 2.17.0 is running at:
[I 2025-11-25 07:58:32.828 ServerApp] http://cn40-l40.prajna.iitb.ac.in:8888/lab?token=64e3442fd4c85f6daf2d42903bc6624338486f249262f7f0
[I 2025-11-25 07:58:32.828 ServerApp]     http://127.0.0.1:8888/lab?token=64e3442fd4c85f6daf2d42903bc6624338486f249262f7f0
[I 2025-11-25 07:58:32.828 ServerApp] Use Control-C to stop this server and shut down all kernels (twice to skip confirmation).
[W 2025-11-25 07:58:32.854 ServerApp] No web browser found: Error('could not locate runnable browser').
[C 2025-11-25 07:58:32.855 ServerApp] 
    
    To access the server, open this file in a browser:
        file:///home/compiling-ganesh/24m0797/.local/share/jupyter/runtime/jpserver-54358-open.html
    Or copy and paste one of these URLs:
        http://cn40-l40.prajna.iitb.ac.in:8888/lab?token=64e3442fd4c85f6daf2d42903bc6624338486f249262f7f0
        http://127.0.0.1:8888/lab?token=64e3442fd4c85f6daf2d42903bc6624338486f249262f7f0
[I 2025-11-25 07:58:32.900 ServerApp] Skipped non-installed server(s): basedpyright, bash-language-server, dockerfile-language-server-nodejs, javascript-typescript-langserver, jedi-language-server, julia-language-server, pyrefly, pyright, python-language-server, python-lsp-server, r-languageserver, sql-language-server, texlab, typescript-language-server, unified-language-server, vscode-css-languageserver-bin, vscode-html-languageserver-bin, vscode-json-languageserver-bin, yaml-language-server
[W 2025-11-25 07:59:02.553 ServerApp] 404 GET /api/kernels/1888962d-d828-43c2-b6f5-a101b86556a6?1764037658964 (192.168.1.109): Kernel does not exist: 1888962d-d828-43c2-b6f5-a101b86556a6
[W 2025-11-25 07:59:02.553 ServerApp] wrote error: 'Kernel does not exist: 1888962d-d828-43c2-b6f5-a101b86556a6'
    Traceback (most recent call last):
      File "/home/compiling-ganesh/24m0797/workspace/doctr-dit/.venv/lib/python3.13/site-packages/tornado/web.py", line 1848, in _execute
        result = await result
                 ^^^^^^^^^^^^
      File "/home/compiling-ganesh/24m0797/workspace/doctr-dit/.venv/lib/python3.13/site-packages/jupyter_server/auth/decorator.py", line 73, in inner
        return await out
               ^^^^^^^^^
      File "/home/compiling-ganesh/24m0797/workspace/doctr-dit/.venv/lib/python3.13/site-packages/jupyter_server/services/kernels/handlers.py", line 75, in get
        model = await ensure_async(km.kernel_model(kernel_id))
                                   ~~~~~~~~~~~~~~~^^^^^^^^^^^
      File "/home/compiling-ganesh/24m0797/workspace/doctr-dit/.venv/lib/python3.13/site-packages/jupyter_server/services/kernels/kernelmanager.py", line 513, in kernel_model
        self._check_kernel_id(kernel_id)
        ~~~~~~~~~~~~~~~~~~~~~^^^^^^^^^^^
      File "/home/compiling-ganesh/24m0797/workspace/doctr-dit/.venv/lib/python3.13/site-packages/jupyter_server/services/kernels/kernelmanager.py", line 544, in _check_kernel_id
        raise web.HTTPError(404, "Kernel does not exist: %s" % kernel_id)
    tornado.web.HTTPError: HTTP 404: Not Found (Kernel does not exist: 1888962d-d828-43c2-b6f5-a101b86556a6)
[W 2025-11-25 07:59:02.613 ServerApp] 404 GET /api/kernels/1888962d-d828-43c2-b6f5-a101b86556a6?1764037658964 (53178e9299a548e4ab4f7a468d57cf1c@192.168.1.109) 60.26ms referer=http://localhost:8888/lab/tree/notebooks/layout.ipynb
[W 2025-11-25 07:59:02.775 ServerApp] 404 GET /api/kernels/1888962d-d828-43c2-b6f5-a101b86556a6/channels?session_id=c66831dd-25b5-46fe-a81f-46fc8389641e (192.168.1.109): Kernel does not exist: 1888962d-d828-43c2-b6f5-a101b86556a6
[W 2025-11-25 07:59:02.911 ServerApp] 404 GET /api/kernels/1888962d-d828-43c2-b6f5-a101b86556a6/channels?session_id=c66831dd-25b5-46fe-a81f-46fc8389641e (53178e9299a548e4ab4f7a468d57cf1c@192.168.1.109) 136.51ms referer=None
[W 2025-11-25 07:59:02.974 ServerApp] 404 GET /api/kernels/1888962d-d828-43c2-b6f5-a101b86556a6?1764037659445 (192.168.1.109): Kernel does not exist: 1888962d-d828-43c2-b6f5-a101b86556a6
[W 2025-11-25 07:59:02.974 ServerApp] wrote error: 'Kernel does not exist: 1888962d-d828-43c2-b6f5-a101b86556a6'
    Traceback (most recent call last):
      File "/home/compiling-ganesh/24m0797/workspace/doctr-dit/.venv/lib/python3.13/site-packages/tornado/web.py", line 1848, in _execute
        result = await result
                 ^^^^^^^^^^^^
      File "/home/compiling-ganesh/24m0797/workspace/doctr-dit/.venv/lib/python3.13/site-packages/jupyter_server/auth/decorator.py", line 73, in inner
        return await out
               ^^^^^^^^^
      File "/home/compiling-ganesh/24m0797/workspace/doctr-dit/.venv/lib/python3.13/site-packages/jupyter_server/services/kernels/handlers.py", line 75, in get
        model = await ensure_async(km.kernel_model(kernel_id))
                                   ~~~~~~~~~~~~~~~^^^^^^^^^^^
      File "/home/compiling-ganesh/24m0797/workspace/doctr-dit/.venv/lib/python3.13/site-packages/jupyter_server/services/kernels/kernelmanager.py", line 513, in kernel_model
        self._check_kernel_id(kernel_id)
        ~~~~~~~~~~~~~~~~~~~~~^^^^^^^^^^^
      File "/home/compiling-ganesh/24m0797/workspace/doctr-dit/.venv/lib/python3.13/site-packages/jupyter_server/services/kernels/kernelmanager.py", line 544, in _check_kernel_id
        raise web.HTTPError(404, "Kernel does not exist: %s" % kernel_id)
    tornado.web.HTTPError: HTTP 404: Not Found (Kernel does not exist: 1888962d-d828-43c2-b6f5-a101b86556a6)
[W 2025-11-25 07:59:02.975 ServerApp] 404 GET /api/kernels/1888962d-d828-43c2-b6f5-a101b86556a6?1764037659445 (53178e9299a548e4ab4f7a468d57cf1c@192.168.1.109) 0.97ms referer=http://localhost:8888/lab/tree/notebooks/layout.ipynb
[W 2025-11-25 07:59:03.499 ServerApp] 404 GET /api/kernels/47bef070-1fb6-4557-b23f-f6db7d66dc6b?1764037659964 (192.168.1.109): Kernel does not exist: 47bef070-1fb6-4557-b23f-f6db7d66dc6b
[W 2025-11-25 07:59:03.500 ServerApp] wrote error: 'Kernel does not exist: 47bef070-1fb6-4557-b23f-f6db7d66dc6b'
    Traceback (most recent call last):
      File "/home/compiling-ganesh/24m0797/workspace/doctr-dit/.venv/lib/python3.13/site-packages/tornado/web.py", line 1848, in _execute
        result = await result
                 ^^^^^^^^^^^^
      File "/home/compiling-ganesh/24m0797/workspace/doctr-dit/.venv/lib/python3.13/site-packages/jupyter_server/auth/decorator.py", line 73, in inner
        return await out
               ^^^^^^^^^
      File "/home/compiling-ganesh/24m0797/workspace/doctr-dit/.venv/lib/python3.13/site-packages/jupyter_server/services/kernels/handlers.py", line 75, in get
        model = await ensure_async(km.kernel_model(kernel_id))
                                   ~~~~~~~~~~~~~~~^^^^^^^^^^^
      File "/home/compiling-ganesh/24m0797/workspace/doctr-dit/.venv/lib/python3.13/site-packages/jupyter_server/services/kernels/kernelmanager.py", line 513, in kernel_model
        self._check_kernel_id(kernel_id)
        ~~~~~~~~~~~~~~~~~~~~~^^^^^^^^^^^
      File "/home/compiling-ganesh/24m0797/workspace/doctr-dit/.venv/lib/python3.13/site-packages/jupyter_server/services/kernels/kernelmanager.py", line 544, in _check_kernel_id
        raise web.HTTPError(404, "Kernel does not exist: %s" % kernel_id)
    tornado.web.HTTPError: HTTP 404: Not Found (Kernel does not exist: 47bef070-1fb6-4557-b23f-f6db7d66dc6b)
[W 2025-11-25 07:59:03.500 ServerApp] 404 GET /api/kernels/47bef070-1fb6-4557-b23f-f6db7d66dc6b?1764037659964 (53178e9299a548e4ab4f7a468d57cf1c@192.168.1.109) 0.84ms referer=http://localhost:8888/lab/tree/notebooks/layout.ipynb
[W 2025-11-25 07:59:03.755 ServerApp] 404 GET /api/kernels/47bef070-1fb6-4557-b23f-f6db7d66dc6b/channels?session_id=3e2f53cb-2a44-4d68-b7bc-4d79775ffd01 (192.168.1.109): Kernel does not exist: 47bef070-1fb6-4557-b23f-f6db7d66dc6b
[W 2025-11-25 07:59:03.756 ServerApp] 404 GET /api/kernels/47bef070-1fb6-4557-b23f-f6db7d66dc6b/channels?session_id=3e2f53cb-2a44-4d68-b7bc-4d79775ffd01 (53178e9299a548e4ab4f7a468d57cf1c@192.168.1.109) 0.71ms referer=None
[W 2025-11-25 07:59:03.820 ServerApp] 404 GET /api/kernels/47bef070-1fb6-4557-b23f-f6db7d66dc6b?1764037660289 (192.168.1.109): Kernel does not exist: 47bef070-1fb6-4557-b23f-f6db7d66dc6b
[W 2025-11-25 07:59:03.820 ServerApp] wrote error: 'Kernel does not exist: 47bef070-1fb6-4557-b23f-f6db7d66dc6b'
    Traceback (most recent call last):
      File "/home/compiling-ganesh/24m0797/workspace/doctr-dit/.venv/lib/python3.13/site-packages/tornado/web.py", line 1848, in _execute
        result = await result
                 ^^^^^^^^^^^^
      File "/home/compiling-ganesh/24m0797/workspace/doctr-dit/.venv/lib/python3.13/site-packages/jupyter_server/auth/decorator.py", line 73, in inner
        return await out
               ^^^^^^^^^
      File "/home/compiling-ganesh/24m0797/workspace/doctr-dit/.venv/lib/python3.13/site-packages/jupyter_server/services/kernels/handlers.py", line 75, in get
        model = await ensure_async(km.kernel_model(kernel_id))
                                   ~~~~~~~~~~~~~~~^^^^^^^^^^^
      File "/home/compiling-ganesh/24m0797/workspace/doctr-dit/.venv/lib/python3.13/site-packages/jupyter_server/services/kernels/kernelmanager.py", line 513, in kernel_model
        self._check_kernel_id(kernel_id)
        ~~~~~~~~~~~~~~~~~~~~~^^^^^^^^^^^
      File "/home/compiling-ganesh/24m0797/workspace/doctr-dit/.venv/lib/python3.13/site-packages/jupyter_server/services/kernels/kernelmanager.py", line 544, in _check_kernel_id
        raise web.HTTPError(404, "Kernel does not exist: %s" % kernel_id)
    tornado.web.HTTPError: HTTP 404: Not Found (Kernel does not exist: 47bef070-1fb6-4557-b23f-f6db7d66dc6b)
[W 2025-11-25 07:59:03.820 ServerApp] 404 GET /api/kernels/47bef070-1fb6-4557-b23f-f6db7d66dc6b?1764037660289 (53178e9299a548e4ab4f7a468d57cf1c@192.168.1.109) 0.90ms referer=http://localhost:8888/lab/tree/notebooks/layout.ipynb
[W 2025-11-25 07:59:03.931 ServerApp] 404 GET /api/kernels/9024347c-6907-4579-bdf7-c2b5834b1404?1764037660398 (192.168.1.109): Kernel does not exist: 9024347c-6907-4579-bdf7-c2b5834b1404
[W 2025-11-25 07:59:03.931 ServerApp] wrote error: 'Kernel does not exist: 9024347c-6907-4579-bdf7-c2b5834b1404'
    Traceback (most recent call last):
      File "/home/compiling-ganesh/24m0797/workspace/doctr-dit/.venv/lib/python3.13/site-packages/tornado/web.py", line 1848, in _execute
        result = await result
                 ^^^^^^^^^^^^
      File "/home/compiling-ganesh/24m0797/workspace/doctr-dit/.venv/lib/python3.13/site-packages/jupyter_server/auth/decorator.py", line 73, in inner
        return await out
               ^^^^^^^^^
      File "/home/compiling-ganesh/24m0797/workspace/doctr-dit/.venv/lib/python3.13/site-packages/jupyter_server/services/kernels/handlers.py", line 75, in get
        model = await ensure_async(km.kernel_model(kernel_id))
                                   ~~~~~~~~~~~~~~~^^^^^^^^^^^
      File "/home/compiling-ganesh/24m0797/workspace/doctr-dit/.venv/lib/python3.13/site-packages/jupyter_server/services/kernels/kernelmanager.py", line 513, in kernel_model
        self._check_kernel_id(kernel_id)
        ~~~~~~~~~~~~~~~~~~~~~^^^^^^^^^^^
      File "/home/compiling-ganesh/24m0797/workspace/doctr-dit/.venv/lib/python3.13/site-packages/jupyter_server/services/kernels/kernelmanager.py", line 544, in _check_kernel_id
        raise web.HTTPError(404, "Kernel does not exist: %s" % kernel_id)
    tornado.web.HTTPError: HTTP 404: Not Found (Kernel does not exist: 9024347c-6907-4579-bdf7-c2b5834b1404)
[W 2025-11-25 07:59:03.932 ServerApp] 404 GET /api/kernels/9024347c-6907-4579-bdf7-c2b5834b1404?1764037660398 (53178e9299a548e4ab4f7a468d57cf1c@192.168.1.109) 0.91ms referer=http://localhost:8888/lab/tree/notebooks/layout.ipynb
[W 2025-11-25 07:59:04.121 ServerApp] 404 GET /api/kernels/9024347c-6907-4579-bdf7-c2b5834b1404/channels?session_id=14f35afa-03aa-4710-b02e-fdde0b20d0f1 (192.168.1.109): Kernel does not exist: 9024347c-6907-4579-bdf7-c2b5834b1404
[W 2025-11-25 07:59:04.122 ServerApp] 404 GET /api/kernels/9024347c-6907-4579-bdf7-c2b5834b1404/channels?session_id=14f35afa-03aa-4710-b02e-fdde0b20d0f1 (53178e9299a548e4ab4f7a468d57cf1c@192.168.1.109) 0.64ms referer=None
[W 2025-11-25 07:59:04.185 ServerApp] 404 GET /api/kernels/9024347c-6907-4579-bdf7-c2b5834b1404?1764037660656 (192.168.1.109): Kernel does not exist: 9024347c-6907-4579-bdf7-c2b5834b1404
[W 2025-11-25 07:59:04.185 ServerApp] wrote error: 'Kernel does not exist: 9024347c-6907-4579-bdf7-c2b5834b1404'
    Traceback (most recent call last):
      File "/home/compiling-ganesh/24m0797/workspace/doctr-dit/.venv/lib/python3.13/site-packages/tornado/web.py", line 1848, in _execute
        result = await result
                 ^^^^^^^^^^^^
      File "/home/compiling-ganesh/24m0797/workspace/doctr-dit/.venv/lib/python3.13/site-packages/jupyter_server/auth/decorator.py", line 73, in inner
        return await out
               ^^^^^^^^^
      File "/home/compiling-ganesh/24m0797/workspace/doctr-dit/.venv/lib/python3.13/site-packages/jupyter_server/services/kernels/handlers.py", line 75, in get
        model = await ensure_async(km.kernel_model(kernel_id))
                                   ~~~~~~~~~~~~~~~^^^^^^^^^^^
      File "/home/compiling-ganesh/24m0797/workspace/doctr-dit/.venv/lib/python3.13/site-packages/jupyter_server/services/kernels/kernelmanager.py", line 513, in kernel_model
        self._check_kernel_id(kernel_id)
        ~~~~~~~~~~~~~~~~~~~~~^^^^^^^^^^^
      File "/home/compiling-ganesh/24m0797/workspace/doctr-dit/.venv/lib/python3.13/site-packages/jupyter_server/services/kernels/kernelmanager.py", line 544, in _check_kernel_id
        raise web.HTTPError(404, "Kernel does not exist: %s" % kernel_id)
    tornado.web.HTTPError: HTTP 404: Not Found (Kernel does not exist: 9024347c-6907-4579-bdf7-c2b5834b1404)
[W 2025-11-25 07:59:04.186 ServerApp] 404 GET /api/kernels/9024347c-6907-4579-bdf7-c2b5834b1404?1764037660656 (53178e9299a548e4ab4f7a468d57cf1c@192.168.1.109) 0.89ms referer=http://localhost:8888/lab/tree/notebooks/layout.ipynb
[W 2025-11-25 07:59:05.629 ServerApp] 404 GET /api/kernels/1888962d-d828-43c2-b6f5-a101b86556a6/channels?session_id=c66831dd-25b5-46fe-a81f-46fc8389641e (192.168.1.109): Kernel does not exist: 1888962d-d828-43c2-b6f5-a101b86556a6
[W 2025-11-25 07:59:05.629 ServerApp] 404 GET /api/kernels/1888962d-d828-43c2-b6f5-a101b86556a6/channels?session_id=c66831dd-25b5-46fe-a81f-46fc8389641e (53178e9299a548e4ab4f7a468d57cf1c@192.168.1.109) 0.63ms referer=None
[W 2025-11-25 07:59:05.694 ServerApp] 404 GET /api/kernels/1888962d-d828-43c2-b6f5-a101b86556a6?1764037662163 (192.168.1.109): Kernel does not exist: 1888962d-d828-43c2-b6f5-a101b86556a6
[W 2025-11-25 07:59:05.694 ServerApp] wrote error: 'Kernel does not exist: 1888962d-d828-43c2-b6f5-a101b86556a6'
    Traceback (most recent call last):
      File "/home/compiling-ganesh/24m0797/workspace/doctr-dit/.venv/lib/python3.13/site-packages/tornado/web.py", line 1848, in _execute
        result = await result
                 ^^^^^^^^^^^^
      File "/home/compiling-ganesh/24m0797/workspace/doctr-dit/.venv/lib/python3.13/site-packages/jupyter_server/auth/decorator.py", line 73, in inner
        return await out
               ^^^^^^^^^
      File "/home/compiling-ganesh/24m0797/workspace/doctr-dit/.venv/lib/python3.13/site-packages/jupyter_server/services/kernels/handlers.py", line 75, in get
        model = await ensure_async(km.kernel_model(kernel_id))
                                   ~~~~~~~~~~~~~~~^^^^^^^^^^^
      File "/home/compiling-ganesh/24m0797/workspace/doctr-dit/.venv/lib/python3.13/site-packages/jupyter_server/services/kernels/kernelmanager.py", line 513, in kernel_model
        self._check_kernel_id(kernel_id)
        ~~~~~~~~~~~~~~~~~~~~~^^^^^^^^^^^
      File "/home/compiling-ganesh/24m0797/workspace/doctr-dit/.venv/lib/python3.13/site-packages/jupyter_server/services/kernels/kernelmanager.py", line 544, in _check_kernel_id
        raise web.HTTPError(404, "Kernel does not exist: %s" % kernel_id)
    tornado.web.HTTPError: HTTP 404: Not Found (Kernel does not exist: 1888962d-d828-43c2-b6f5-a101b86556a6)
[W 2025-11-25 07:59:05.695 ServerApp] 404 GET /api/kernels/1888962d-d828-43c2-b6f5-a101b86556a6?1764037662163 (53178e9299a548e4ab4f7a468d57cf1c@192.168.1.109) 0.89ms referer=http://localhost:8888/lab/tree/notebooks/layout.ipynb
[W 2025-11-25 07:59:06.348 ServerApp] 404 GET /api/kernels/47bef070-1fb6-4557-b23f-f6db7d66dc6b/channels?session_id=3e2f53cb-2a44-4d68-b7bc-4d79775ffd01 (192.168.1.109): Kernel does not exist: 47bef070-1fb6-4557-b23f-f6db7d66dc6b
[W 2025-11-25 07:59:06.348 ServerApp] 404 GET /api/kernels/47bef070-1fb6-4557-b23f-f6db7d66dc6b/channels?session_id=3e2f53cb-2a44-4d68-b7bc-4d79775ffd01 (53178e9299a548e4ab4f7a468d57cf1c@192.168.1.109) 0.58ms referer=None
[W 2025-11-25 07:59:06.412 ServerApp] 404 GET /api/kernels/47bef070-1fb6-4557-b23f-f6db7d66dc6b?1764037662882 (192.168.1.109): Kernel does not exist: 47bef070-1fb6-4557-b23f-f6db7d66dc6b
[W 2025-11-25 07:59:06.412 ServerApp] wrote error: 'Kernel does not exist: 47bef070-1fb6-4557-b23f-f6db7d66dc6b'
    Traceback (most recent call last):
      File "/home/compiling-ganesh/24m0797/workspace/doctr-dit/.venv/lib/python3.13/site-packages/tornado/web.py", line 1848, in _execute
        result = await result
                 ^^^^^^^^^^^^
      File "/home/compiling-ganesh/24m0797/workspace/doctr-dit/.venv/lib/python3.13/site-packages/jupyter_server/auth/decorator.py", line 73, in inner
        return await out
               ^^^^^^^^^
      File "/home/compiling-ganesh/24m0797/workspace/doctr-dit/.venv/lib/python3.13/site-packages/jupyter_server/services/kernels/handlers.py", line 75, in get
        model = await ensure_async(km.kernel_model(kernel_id))
                                   ~~~~~~~~~~~~~~~^^^^^^^^^^^
      File "/home/compiling-ganesh/24m0797/workspace/doctr-dit/.venv/lib/python3.13/site-packages/jupyter_server/services/kernels/kernelmanager.py", line 513, in kernel_model
        self._check_kernel_id(kernel_id)
        ~~~~~~~~~~~~~~~~~~~~~^^^^^^^^^^^
      File "/home/compiling-ganesh/24m0797/workspace/doctr-dit/.venv/lib/python3.13/site-packages/jupyter_server/services/kernels/kernelmanager.py", line 544, in _check_kernel_id
        raise web.HTTPError(404, "Kernel does not exist: %s" % kernel_id)
    tornado.web.HTTPError: HTTP 404: Not Found (Kernel does not exist: 47bef070-1fb6-4557-b23f-f6db7d66dc6b)
[W 2025-11-25 07:59:06.413 ServerApp] 404 GET /api/kernels/47bef070-1fb6-4557-b23f-f6db7d66dc6b?1764037662882 (53178e9299a548e4ab4f7a468d57cf1c@192.168.1.109) 0.85ms referer=http://localhost:8888/lab/tree/notebooks/layout.ipynb
[W 2025-11-25 07:59:06.495 ServerApp] 404 GET /api/kernels/19ac5b5c-a3f9-4857-becb-eddf0c2519ba?1764037662965 (192.168.1.109): Kernel does not exist: 19ac5b5c-a3f9-4857-becb-eddf0c2519ba
[W 2025-11-25 07:59:06.495 ServerApp] wrote error: 'Kernel does not exist: 19ac5b5c-a3f9-4857-becb-eddf0c2519ba'
    Traceback (most recent call last):
      File "/home/compiling-ganesh/24m0797/workspace/doctr-dit/.venv/lib/python3.13/site-packages/tornado/web.py", line 1848, in _execute
        result = await result
                 ^^^^^^^^^^^^
      File "/home/compiling-ganesh/24m0797/workspace/doctr-dit/.venv/lib/python3.13/site-packages/jupyter_server/auth/decorator.py", line 73, in inner
        return await out
               ^^^^^^^^^
      File "/home/compiling-ganesh/24m0797/workspace/doctr-dit/.venv/lib/python3.13/site-packages/jupyter_server/services/kernels/handlers.py", line 75, in get
        model = await ensure_async(km.kernel_model(kernel_id))
                                   ~~~~~~~~~~~~~~~^^^^^^^^^^^
      File "/home/compiling-ganesh/24m0797/workspace/doctr-dit/.venv/lib/python3.13/site-packages/jupyter_server/services/kernels/kernelmanager.py", line 513, in kernel_model
        self._check_kernel_id(kernel_id)
        ~~~~~~~~~~~~~~~~~~~~~^^^^^^^^^^^
      File "/home/compiling-ganesh/24m0797/workspace/doctr-dit/.venv/lib/python3.13/site-packages/jupyter_server/services/kernels/kernelmanager.py", line 544, in _check_kernel_id
        raise web.HTTPError(404, "Kernel does not exist: %s" % kernel_id)
    tornado.web.HTTPError: HTTP 404: Not Found (Kernel does not exist: 19ac5b5c-a3f9-4857-becb-eddf0c2519ba)
[W 2025-11-25 07:59:06.495 ServerApp] 404 GET /api/kernels/19ac5b5c-a3f9-4857-becb-eddf0c2519ba?1764037662965 (53178e9299a548e4ab4f7a468d57cf1c@192.168.1.109) 0.84ms referer=http://localhost:8888/lab/tree/notebooks/layout.ipynb
[W 2025-11-25 07:59:06.591 ServerApp] 404 GET /api/kernels/9024347c-6907-4579-bdf7-c2b5834b1404/channels?session_id=14f35afa-03aa-4710-b02e-fdde0b20d0f1 (192.168.1.109): Kernel does not exist: 9024347c-6907-4579-bdf7-c2b5834b1404
[W 2025-11-25 07:59:06.592 ServerApp] 404 GET /api/kernels/9024347c-6907-4579-bdf7-c2b5834b1404/channels?session_id=14f35afa-03aa-4710-b02e-fdde0b20d0f1 (53178e9299a548e4ab4f7a468d57cf1c@192.168.1.109) 0.61ms referer=None
[W 2025-11-25 07:59:06.655 ServerApp] 404 GET /api/kernels/9024347c-6907-4579-bdf7-c2b5834b1404?1764037663125 (192.168.1.109): Kernel does not exist: 9024347c-6907-4579-bdf7-c2b5834b1404
[W 2025-11-25 07:59:06.655 ServerApp] wrote error: 'Kernel does not exist: 9024347c-6907-4579-bdf7-c2b5834b1404'
    Traceback (most recent call last):
      File "/home/compiling-ganesh/24m0797/workspace/doctr-dit/.venv/lib/python3.13/site-packages/tornado/web.py", line 1848, in _execute
        result = await result
                 ^^^^^^^^^^^^
      File "/home/compiling-ganesh/24m0797/workspace/doctr-dit/.venv/lib/python3.13/site-packages/jupyter_server/auth/decorator.py", line 73, in inner
        return await out
               ^^^^^^^^^
      File "/home/compiling-ganesh/24m0797/workspace/doctr-dit/.venv/lib/python3.13/site-packages/jupyter_server/services/kernels/handlers.py", line 75, in get
        model = await ensure_async(km.kernel_model(kernel_id))
                                   ~~~~~~~~~~~~~~~^^^^^^^^^^^
      File "/home/compiling-ganesh/24m0797/workspace/doctr-dit/.venv/lib/python3.13/site-packages/jupyter_server/services/kernels/kernelmanager.py", line 513, in kernel_model
        self._check_kernel_id(kernel_id)
        ~~~~~~~~~~~~~~~~~~~~~^^^^^^^^^^^
      File "/home/compiling-ganesh/24m0797/workspace/doctr-dit/.venv/lib/python3.13/site-packages/jupyter_server/services/kernels/kernelmanager.py", line 544, in _check_kernel_id
        raise web.HTTPError(404, "Kernel does not exist: %s" % kernel_id)
    tornado.web.HTTPError: HTTP 404: Not Found (Kernel does not exist: 9024347c-6907-4579-bdf7-c2b5834b1404)
[W 2025-11-25 07:59:06.655 ServerApp] 404 GET /api/kernels/9024347c-6907-4579-bdf7-c2b5834b1404?1764037663125 (53178e9299a548e4ab4f7a468d57cf1c@192.168.1.109) 0.88ms referer=http://localhost:8888/lab/tree/notebooks/layout.ipynb
[W 2025-11-25 07:59:06.855 ServerApp] 404 GET /api/kernels/47bef070-1fb6-4557-b23f-f6db7d66dc6b/channels?session_id=3e2f53cb-2a44-4d68-b7bc-4d79775ffd01 (192.168.1.109): Kernel does not exist: 47bef070-1fb6-4557-b23f-f6db7d66dc6b
[W 2025-11-25 07:59:06.855 ServerApp] 404 GET /api/kernels/47bef070-1fb6-4557-b23f-f6db7d66dc6b/channels?session_id=3e2f53cb-2a44-4d68-b7bc-4d79775ffd01 (53178e9299a548e4ab4f7a468d57cf1c@192.168.1.109) 0.61ms referer=None
[W 2025-11-25 07:59:06.919 ServerApp] 404 GET /api/kernels/47bef070-1fb6-4557-b23f-f6db7d66dc6b?1764037663389 (192.168.1.109): Kernel does not exist: 47bef070-1fb6-4557-b23f-f6db7d66dc6b
[W 2025-11-25 07:59:06.919 ServerApp] wrote error: 'Kernel does not exist: 47bef070-1fb6-4557-b23f-f6db7d66dc6b'
    Traceback (most recent call last):
      File "/home/compiling-ganesh/24m0797/workspace/doctr-dit/.venv/lib/python3.13/site-packages/tornado/web.py", line 1848, in _execute
        result = await result
                 ^^^^^^^^^^^^
      File "/home/compiling-ganesh/24m0797/workspace/doctr-dit/.venv/lib/python3.13/site-packages/jupyter_server/auth/decorator.py", line 73, in inner
        return await out
               ^^^^^^^^^
      File "/home/compiling-ganesh/24m0797/workspace/doctr-dit/.venv/lib/python3.13/site-packages/jupyter_server/services/kernels/handlers.py", line 75, in get
        model = await ensure_async(km.kernel_model(kernel_id))
                                   ~~~~~~~~~~~~~~~^^^^^^^^^^^
      File "/home/compiling-ganesh/24m0797/workspace/doctr-dit/.venv/lib/python3.13/site-packages/jupyter_server/services/kernels/kernelmanager.py", line 513, in kernel_model
        self._check_kernel_id(kernel_id)
        ~~~~~~~~~~~~~~~~~~~~~^^^^^^^^^^^
      File "/home/compiling-ganesh/24m0797/workspace/doctr-dit/.venv/lib/python3.13/site-packages/jupyter_server/services/kernels/kernelmanager.py", line 544, in _check_kernel_id
        raise web.HTTPError(404, "Kernel does not exist: %s" % kernel_id)
    tornado.web.HTTPError: HTTP 404: Not Found (Kernel does not exist: 47bef070-1fb6-4557-b23f-f6db7d66dc6b)
[W 2025-11-25 07:59:06.920 ServerApp] 404 GET /api/kernels/47bef070-1fb6-4557-b23f-f6db7d66dc6b?1764037663389 (53178e9299a548e4ab4f7a468d57cf1c@192.168.1.109) 0.87ms referer=http://localhost:8888/lab/tree/notebooks/layout.ipynb
[W 2025-11-25 07:59:07.349 ServerApp] 404 GET /api/kernels/47bef070-1fb6-4557-b23f-f6db7d66dc6b/channels?session_id=3e2f53cb-2a44-4d68-b7bc-4d79775ffd01 (192.168.1.109): Kernel does not exist: 47bef070-1fb6-4557-b23f-f6db7d66dc6b
[W 2025-11-25 07:59:07.349 ServerApp] 404 GET /api/kernels/47bef070-1fb6-4557-b23f-f6db7d66dc6b/channels?session_id=3e2f53cb-2a44-4d68-b7bc-4d79775ffd01 (53178e9299a548e4ab4f7a468d57cf1c@192.168.1.109) 0.58ms referer=None
[W 2025-11-25 07:59:07.413 ServerApp] 404 GET /api/kernels/47bef070-1fb6-4557-b23f-f6db7d66dc6b?1764037663883 (192.168.1.109): Kernel does not exist: 47bef070-1fb6-4557-b23f-f6db7d66dc6b
[W 2025-11-25 07:59:07.413 ServerApp] wrote error: 'Kernel does not exist: 47bef070-1fb6-4557-b23f-f6db7d66dc6b'
    Traceback (most recent call last):
      File "/home/compiling-ganesh/24m0797/workspace/doctr-dit/.venv/lib/python3.13/site-packages/tornado/web.py", line 1848, in _execute
        result = await result
                 ^^^^^^^^^^^^
      File "/home/compiling-ganesh/24m0797/workspace/doctr-dit/.venv/lib/python3.13/site-packages/jupyter_server/auth/decorator.py", line 73, in inner
        return await out
               ^^^^^^^^^
      File "/home/compiling-ganesh/24m0797/workspace/doctr-dit/.venv/lib/python3.13/site-packages/jupyter_server/services/kernels/handlers.py", line 75, in get
        model = await ensure_async(km.kernel_model(kernel_id))
                                   ~~~~~~~~~~~~~~~^^^^^^^^^^^
      File "/home/compiling-ganesh/24m0797/workspace/doctr-dit/.venv/lib/python3.13/site-packages/jupyter_server/services/kernels/kernelmanager.py", line 513, in kernel_model
        self._check_kernel_id(kernel_id)
        ~~~~~~~~~~~~~~~~~~~~~^^^^^^^^^^^
      File "/home/compiling-ganesh/24m0797/workspace/doctr-dit/.venv/lib/python3.13/site-packages/jupyter_server/services/kernels/kernelmanager.py", line 544, in _check_kernel_id
        raise web.HTTPError(404, "Kernel does not exist: %s" % kernel_id)
    tornado.web.HTTPError: HTTP 404: Not Found (Kernel does not exist: 47bef070-1fb6-4557-b23f-f6db7d66dc6b)
[W 2025-11-25 07:59:07.413 ServerApp] 404 GET /api/kernels/47bef070-1fb6-4557-b23f-f6db7d66dc6b?1764037663883 (53178e9299a548e4ab4f7a468d57cf1c@192.168.1.109) 0.81ms referer=http://localhost:8888/lab/tree/notebooks/layout.ipynb
[W 2025-11-25 07:59:07.492 ServerApp] 404 GET /api/kernels/19ac5b5c-a3f9-4857-becb-eddf0c2519ba/channels?session_id=e4cc7753-e192-45bd-a248-8d4c754992d3 (192.168.1.109): Kernel does not exist: 19ac5b5c-a3f9-4857-becb-eddf0c2519ba
[W 2025-11-25 07:59:07.493 ServerApp] 404 GET /api/kernels/19ac5b5c-a3f9-4857-becb-eddf0c2519ba/channels?session_id=e4cc7753-e192-45bd-a248-8d4c754992d3 (53178e9299a548e4ab4f7a468d57cf1c@192.168.1.109) 0.59ms referer=None
[W 2025-11-25 07:59:07.556 ServerApp] 404 GET /api/kernels/19ac5b5c-a3f9-4857-becb-eddf0c2519ba?1764037664026 (192.168.1.109): Kernel does not exist: 19ac5b5c-a3f9-4857-becb-eddf0c2519ba
[W 2025-11-25 07:59:07.557 ServerApp] wrote error: 'Kernel does not exist: 19ac5b5c-a3f9-4857-becb-eddf0c2519ba'
    Traceback (most recent call last):
      File "/home/compiling-ganesh/24m0797/workspace/doctr-dit/.venv/lib/python3.13/site-packages/tornado/web.py", line 1848, in _execute
        result = await result
                 ^^^^^^^^^^^^
      File "/home/compiling-ganesh/24m0797/workspace/doctr-dit/.venv/lib/python3.13/site-packages/jupyter_server/auth/decorator.py", line 73, in inner
        return await out
               ^^^^^^^^^
      File "/home/compiling-ganesh/24m0797/workspace/doctr-dit/.venv/lib/python3.13/site-packages/jupyter_server/services/kernels/handlers.py", line 75, in get
        model = await ensure_async(km.kernel_model(kernel_id))
                                   ~~~~~~~~~~~~~~~^^^^^^^^^^^
      File "/home/compiling-ganesh/24m0797/workspace/doctr-dit/.venv/lib/python3.13/site-packages/jupyter_server/services/kernels/kernelmanager.py", line 513, in kernel_model
        self._check_kernel_id(kernel_id)
        ~~~~~~~~~~~~~~~~~~~~~^^^^^^^^^^^
      File "/home/compiling-ganesh/24m0797/workspace/doctr-dit/.venv/lib/python3.13/site-packages/jupyter_server/services/kernels/kernelmanager.py", line 544, in _check_kernel_id
        raise web.HTTPError(404, "Kernel does not exist: %s" % kernel_id)
    tornado.web.HTTPError: HTTP 404: Not Found (Kernel does not exist: 19ac5b5c-a3f9-4857-becb-eddf0c2519ba)
[W 2025-11-25 07:59:07.557 ServerApp] 404 GET /api/kernels/19ac5b5c-a3f9-4857-becb-eddf0c2519ba?1764037664026 (53178e9299a548e4ab4f7a468d57cf1c@192.168.1.109) 0.87ms referer=http://localhost:8888/lab/tree/notebooks/layout.ipynb
[W 2025-11-25 07:59:08.057 ServerApp] 404 GET /api/kernels/1888962d-d828-43c2-b6f5-a101b86556a6/channels?session_id=c66831dd-25b5-46fe-a81f-46fc8389641e (192.168.1.109): Kernel does not exist: 1888962d-d828-43c2-b6f5-a101b86556a6
[W 2025-11-25 07:59:08.058 ServerApp] 404 GET /api/kernels/1888962d-d828-43c2-b6f5-a101b86556a6/channels?session_id=c66831dd-25b5-46fe-a81f-46fc8389641e (53178e9299a548e4ab4f7a468d57cf1c@192.168.1.109) 0.62ms referer=None
[W 2025-11-25 07:59:08.124 ServerApp] 404 GET /api/kernels/1888962d-d828-43c2-b6f5-a101b86556a6?1764037664592 (192.168.1.109): Kernel does not exist: 1888962d-d828-43c2-b6f5-a101b86556a6
[W 2025-11-25 07:59:08.125 ServerApp] wrote error: 'Kernel does not exist: 1888962d-d828-43c2-b6f5-a101b86556a6'
    Traceback (most recent call last):
      File "/home/compiling-ganesh/24m0797/workspace/doctr-dit/.venv/lib/python3.13/site-packages/tornado/web.py", line 1848, in _execute
        result = await result
                 ^^^^^^^^^^^^
      File "/home/compiling-ganesh/24m0797/workspace/doctr-dit/.venv/lib/python3.13/site-packages/jupyter_server/auth/decorator.py", line 73, in inner
        return await out
               ^^^^^^^^^
      File "/home/compiling-ganesh/24m0797/workspace/doctr-dit/.venv/lib/python3.13/site-packages/jupyter_server/services/kernels/handlers.py", line 75, in get
        model = await ensure_async(km.kernel_model(kernel_id))
                                   ~~~~~~~~~~~~~~~^^^^^^^^^^^
      File "/home/compiling-ganesh/24m0797/workspace/doctr-dit/.venv/lib/python3.13/site-packages/jupyter_server/services/kernels/kernelmanager.py", line 513, in kernel_model
        self._check_kernel_id(kernel_id)
        ~~~~~~~~~~~~~~~~~~~~~^^^^^^^^^^^
      File "/home/compiling-ganesh/24m0797/workspace/doctr-dit/.venv/lib/python3.13/site-packages/jupyter_server/services/kernels/kernelmanager.py", line 544, in _check_kernel_id
        raise web.HTTPError(404, "Kernel does not exist: %s" % kernel_id)
    tornado.web.HTTPError: HTTP 404: Not Found (Kernel does not exist: 1888962d-d828-43c2-b6f5-a101b86556a6)
[W 2025-11-25 07:59:08.125 ServerApp] 404 GET /api/kernels/1888962d-d828-43c2-b6f5-a101b86556a6?1764037664592 (53178e9299a548e4ab4f7a468d57cf1c@192.168.1.109) 0.83ms referer=http://localhost:8888/lab/tree/notebooks/layout.ipynb
[W 2025-11-25 07:59:08.446 ServerApp] 404 GET /api/kernels/9024347c-6907-4579-bdf7-c2b5834b1404/channels?session_id=14f35afa-03aa-4710-b02e-fdde0b20d0f1 (192.168.1.109): Kernel does not exist: 9024347c-6907-4579-bdf7-c2b5834b1404
[W 2025-11-25 07:59:08.446 ServerApp] 404 GET /api/kernels/9024347c-6907-4579-bdf7-c2b5834b1404/channels?session_id=14f35afa-03aa-4710-b02e-fdde0b20d0f1 (53178e9299a548e4ab4f7a468d57cf1c@192.168.1.109) 0.59ms referer=None
[W 2025-11-25 07:59:08.513 ServerApp] 404 GET /api/kernels/9024347c-6907-4579-bdf7-c2b5834b1404?1764037664980 (192.168.1.109): Kernel does not exist: 9024347c-6907-4579-bdf7-c2b5834b1404
[W 2025-11-25 07:59:08.513 ServerApp] wrote error: 'Kernel does not exist: 9024347c-6907-4579-bdf7-c2b5834b1404'
    Traceback (most recent call last):
      File "/home/compiling-ganesh/24m0797/workspace/doctr-dit/.venv/lib/python3.13/site-packages/tornado/web.py", line 1848, in _execute
        result = await result
                 ^^^^^^^^^^^^
      File "/home/compiling-ganesh/24m0797/workspace/doctr-dit/.venv/lib/python3.13/site-packages/jupyter_server/auth/decorator.py", line 73, in inner
        return await out
               ^^^^^^^^^
      File "/home/compiling-ganesh/24m0797/workspace/doctr-dit/.venv/lib/python3.13/site-packages/jupyter_server/services/kernels/handlers.py", line 75, in get
        model = await ensure_async(km.kernel_model(kernel_id))
                                   ~~~~~~~~~~~~~~~^^^^^^^^^^^
      File "/home/compiling-ganesh/24m0797/workspace/doctr-dit/.venv/lib/python3.13/site-packages/jupyter_server/services/kernels/kernelmanager.py", line 513, in kernel_model
        self._check_kernel_id(kernel_id)
        ~~~~~~~~~~~~~~~~~~~~~^^^^^^^^^^^
      File "/home/compiling-ganesh/24m0797/workspace/doctr-dit/.venv/lib/python3.13/site-packages/jupyter_server/services/kernels/kernelmanager.py", line 544, in _check_kernel_id
        raise web.HTTPError(404, "Kernel does not exist: %s" % kernel_id)
    tornado.web.HTTPError: HTTP 404: Not Found (Kernel does not exist: 9024347c-6907-4579-bdf7-c2b5834b1404)
[W 2025-11-25 07:59:08.513 ServerApp] 404 GET /api/kernels/9024347c-6907-4579-bdf7-c2b5834b1404?1764037664980 (53178e9299a548e4ab4f7a468d57cf1c@192.168.1.109) 0.85ms referer=http://localhost:8888/lab/tree/notebooks/layout.ipynb
[W 2025-11-25 07:59:12.173 LabApp] Could not determine jupyterlab build status without nodejs
[I 2025-11-25 07:59:12.619 ServerApp] New terminal with automatic name: 1
[W 2025-11-25 07:59:15.278 ServerApp] The websocket_ping_timeout (90000) cannot be longer than the websocket_ping_interval (30000).
    Setting websocket_ping_timeout=30000
[W 2025-11-25 07:59:15.458 ServerApp] Notebook notebooks/translation.ipynb is not trusted
[I 2025-11-25 07:59:17.149 ServerApp] Kernel started: 3bf8cc2d-0d86-49c7-ace8-4274ab5b372d
[I 2025-11-25 07:59:17.149 ServerApp] Kernel started: 8f48c901-9f25-4b59-bdd0-b235ca468962
[I 2025-11-25 07:59:17.149 ServerApp] Kernel started: bb19fb1f-5b2b-4f2a-8e4b-fb65985d7c7b
[I 2025-11-25 07:59:17.156 ServerApp] Kernel started: 35f1c44d-5ca8-4b6d-a327-9efe39017125
[I 2025-11-25 07:59:20.132 ServerApp] Connecting to kernel 35f1c44d-5ca8-4b6d-a327-9efe39017125.
[I 2025-11-25 07:59:20.204 ServerApp] Connecting to kernel 3bf8cc2d-0d86-49c7-ace8-4274ab5b372d.
[I 2025-11-25 07:59:20.256 ServerApp] Starting buffering for 35f1c44d-5ca8-4b6d-a327-9efe39017125:a6e27057-fd7a-4112-afda-570fc6821c2b
[I 2025-11-25 07:59:20.338 ServerApp] Connecting to kernel 8f48c901-9f25-4b59-bdd0-b235ca468962.
[I 2025-11-25 07:59:20.365 ServerApp] Connecting to kernel bb19fb1f-5b2b-4f2a-8e4b-fb65985d7c7b.
[I 2025-11-25 07:59:20.466 ServerApp] Connecting to kernel 35f1c44d-5ca8-4b6d-a327-9efe39017125.
[I 2025-11-25 07:59:20.497 ServerApp] Connecting to kernel 35f1c44d-5ca8-4b6d-a327-9efe39017125.
[I 2025-11-25 08:00:10.377 ServerApp] Kernel interrupted: bb19fb1f-5b2b-4f2a-8e4b-fb65985d7c7b
[I 2025-11-25 08:00:53.110 ServerApp] Saving file at /notebooks/layout.ipynb
[I 2025-11-25 08:02:53.609 ServerApp] Saving file at /notebooks/layout.ipynb
[W 2025-11-25 08:03:51.465 ServerApp] 404 GET /api/contents/data/DITrans-EMNLP/political_report/imgs/1_Is?content=0&hash=0&1764037947928 (53178e9299a548e4ab4f7a468d57cf1c@192.168.1.109) 0.89ms referer=http://localhost:8888/lab/tree/notebooks/layout.ipynb
[W 2025-11-25 08:03:51.465 ServerApp] 404 GET /api/contents/data/DITrans-EMNLP/political_report/imgs/1_Is?content=0&hash=0&1764037947928 (192.168.1.109): No such file or directory: data/DITrans-EMNLP/political_report/imgs/1_Is
[I 2025-11-25 08:04:54.081 ServerApp] Saving file at /notebooks/layout.ipynb
[I 2025-11-25 08:06:54.549 ServerApp] Saving file at /notebooks/layout.ipynb
[I 2025-11-25 08:08:55.189 ServerApp] Saving file at /notebooks/layout.ipynb
[I 2025-11-25 08:10:55.675 ServerApp] Saving file at /notebooks/layout.ipynb
[I 2025-11-25 08:12:56.207 ServerApp] Saving file at /notebooks/layout.ipynb
[I 2025-11-25 08:14:56.660 ServerApp] Saving file at /notebooks/layout.ipynb
[I 2025-11-25 08:16:57.140 ServerApp] Saving file at /notebooks/layout.ipynb
[I 2025-11-25 08:18:34.442 ServerApp] Kernel interrupted: bb19fb1f-5b2b-4f2a-8e4b-fb65985d7c7b
[I 2025-11-25 08:18:57.680 ServerApp] Saving file at /notebooks/layout.ipynb
[I 2025-11-25 08:20:58.297 ServerApp] Saving file at /notebooks/layout.ipynb
[I 2025-11-25 08:22:58.763 ServerApp] Saving file at /notebooks/layout.ipynb
[I 2025-11-25 08:24:59.211 ServerApp] Saving file at /notebooks/layout.ipynb
[I 2025-11-25 08:26:59.735 ServerApp] Saving file at /notebooks/layout.ipynb
[I 2025-11-25 08:29:00.307 ServerApp] Saving file at /notebooks/layout.ipynb
[I 2025-11-25 08:31:01.011 ServerApp] Saving file at /notebooks/layout.ipynb
[W 2025-11-25 08:37:33.651 ServerApp] Replacing stale connection: bb19fb1f-5b2b-4f2a-8e4b-fb65985d7c7b:af9cbd0b-428e-405a-bf2f-cc6637e67e5a
[I 2025-11-25 08:37:33.651 ServerApp] Connecting to kernel bb19fb1f-5b2b-4f2a-8e4b-fb65985d7c7b.
[W 2025-11-25 08:37:33.655 ServerApp] 
[W 2025-11-25 08:37:33.656 ServerApp] 
[W 2025-11-25 08:37:33.656 ServerApp] 
[W 2025-11-25 08:37:33.656 ServerApp] 
[W 2025-11-25 08:37:33.721 ServerApp] 
[W 2025-11-25 08:37:33.722 ServerApp] 
[W 2025-11-25 08:37:33.727 ServerApp] 
[W 2025-11-25 08:37:33.727 ServerApp] 
[W 2025-11-25 08:37:33.727 ServerApp] 
[W 2025-11-25 08:37:33.728 ServerApp] 
[W 2025-11-25 08:37:33.728 ServerApp] 
[W 2025-11-25 08:37:33.809 ServerApp] 
[W 2025-11-25 08:37:33.809 ServerApp] 
[W 2025-11-25 08:37:42.727 ServerApp] Replacing stale connection: 8f48c901-9f25-4b59-bdd0-b235ca468962:92e090be-4827-47b5-a27c-feceb22f3a26
[I 2025-11-25 08:37:42.727 ServerApp] Connecting to kernel 8f48c901-9f25-4b59-bdd0-b235ca468962.
[W 2025-11-25 08:37:42.731 ServerApp] 
[W 2025-11-25 08:37:42.732 ServerApp] 
[W 2025-11-25 08:37:42.732 ServerApp] 
[W 2025-11-25 08:37:42.732 ServerApp] 
[W 2025-11-25 08:37:42.802 ServerApp] 
[W 2025-11-25 08:37:42.802 ServerApp] 
[W 2025-11-25 08:37:42.802 ServerApp] 
[W 2025-11-25 08:37:42.803 ServerApp] 
[W 2025-11-25 08:37:42.803 ServerApp] 
[W 2025-11-25 08:37:42.803 ServerApp] 
[W 2025-11-25 08:37:42.804 ServerApp] 
[W 2025-11-25 08:37:42.804 ServerApp] 
[W 2025-11-25 08:37:42.804 ServerApp] 
[W 2025-11-25 08:37:43.008 ServerApp] 
[W 2025-11-25 08:37:43.008 ServerApp] 
[W 2025-11-25 08:37:45.279 TerminalsExtensionApp] WebSocket ping timeout after 119941 ms.
[W 2025-11-25 08:37:45.874 ServerApp] Replacing stale connection: 35f1c44d-5ca8-4b6d-a327-9efe39017125:605a8c33-d20c-411a-90f1-a35bcad33765
[I 2025-11-25 08:37:45.874 ServerApp] Connecting to kernel 35f1c44d-5ca8-4b6d-a327-9efe39017125.
[W 2025-11-25 08:37:45.878 ServerApp] 
[W 2025-11-25 08:37:45.878 ServerApp] 
[W 2025-11-25 08:37:45.879 ServerApp] 
[W 2025-11-25 08:37:45.879 ServerApp] 
[W 2025-11-25 08:37:45.947 ServerApp] 
[W 2025-11-25 08:37:45.947 ServerApp] 
[W 2025-11-25 08:37:45.947 ServerApp] 
[W 2025-11-25 08:37:45.948 ServerApp] 
[W 2025-11-25 08:37:45.948 ServerApp] 
[W 2025-11-25 08:37:45.948 ServerApp] 
[W 2025-11-25 08:37:45.949 ServerApp] 
[W 2025-11-25 08:37:45.949 ServerApp] 
[W 2025-11-25 08:37:45.949 ServerApp] 
[W 2025-11-25 08:37:46.019 ServerApp] 
[W 2025-11-25 08:37:46.019 ServerApp] 
[W 2025-11-25 08:37:50.205 ServerApp] WebSocket ping timeout after 119937 ms.
[I 2025-11-25 08:37:51.301 ServerApp] Saving file at /notebooks/layout.ipynb
[W 2025-11-25 08:37:52.457 ServerApp] Replacing stale connection: 3bf8cc2d-0d86-49c7-ace8-4274ab5b372d:470b1fa6-0af1-47cb-a0f3-10436daabbec
[I 2025-11-25 08:37:52.457 ServerApp] Connecting to kernel 3bf8cc2d-0d86-49c7-ace8-4274ab5b372d.
[W 2025-11-25 08:37:52.461 ServerApp] 
[W 2025-11-25 08:37:52.462 ServerApp] 
[W 2025-11-25 08:37:52.462 ServerApp] 
[W 2025-11-25 08:37:52.462 ServerApp] 
[W 2025-11-25 08:37:52.527 ServerApp] 
[W 2025-11-25 08:37:52.527 ServerApp] 
[W 2025-11-25 08:37:52.530 ServerApp] 
[W 2025-11-25 08:37:52.531 ServerApp] 
[W 2025-11-25 08:37:52.531 ServerApp] 
[W 2025-11-25 08:37:52.531 ServerApp] 
[W 2025-11-25 08:37:52.532 ServerApp] 
[W 2025-11-25 08:37:52.532 ServerApp] 
[W 2025-11-25 08:37:52.532 ServerApp] 
[W 2025-11-25 08:37:52.612 ServerApp] 
[W 2025-11-25 08:37:52.612 ServerApp] 
[I 2025-11-25 08:39:52.367 ServerApp] Saving file at /notebooks/layout.ipynb
[I 2025-11-25 08:41:53.956 ServerApp] Saving file at /notebooks/layout.ipynb
[I 2025-11-25 08:43:54.556 ServerApp] Saving file at /notebooks/layout.ipynb
[I 2025-11-25 08:45:55.109 ServerApp] Saving file at /notebooks/layout.ipynb
[I 2025-11-25 08:46:06.515 ServerApp] Saving file at /notebooks/segment.py
[I 2025-11-25 08:46:39.050 ServerApp] Saving file at /notebooks/segment.py
[I 2025-11-25 08:47:27.484 ServerApp] Saving file at /notebooks/layout.ipynb
[I 2025-11-25 08:49:00.428 ServerApp] Saving file at /notebooks/segment.py
[I 2025-11-25 08:49:28.144 ServerApp] Saving file at /notebooks/layout.ipynb
[I 2025-11-25 08:51:00.665 ServerApp] Saving file at /notebooks/segment.py
[I 2025-11-25 08:51:42.324 ServerApp] Saving file at /notebooks/segment.py
[I 2025-11-25 08:52:06.213 ServerApp] Saving file at /notebooks/segment.py
[I 2025-11-25 08:53:25.699 ServerApp] Saving file at /notebooks/segment.py
[I 2025-11-25 08:53:28.691 ServerApp] Saving file at /notebooks/layout.ipynb
[I 2025-11-25 08:55:29.263 ServerApp] Saving file at /notebooks/layout.ipynb
[I 2025-11-25 08:57:29.912 ServerApp] Saving file at /notebooks/layout.ipynb
[I 2025-11-25 08:59:30.607 ServerApp] Saving file at /notebooks/layout.ipynb
[I 2025-11-25 09:03:26.004 ServerApp] Saving file at /notebooks/segment.py
[I 2025-11-25 09:05:31.342 ServerApp] Saving file at /notebooks/layout.ipynb
[I 2025-11-25 09:05:51.718 ServerApp] Saving file at /notebooks/layout.ipynb
[I 2025-11-25 09:06:38.605 ServerApp] Saving file at /notebooks/segment.py
[I 2025-11-25 09:06:55.841 ServerApp] Saving file at /notebooks/layout.ipynb
[I 2025-11-25 09:06:59.098 ServerApp] Saving file at /notebooks/layout.ipynb
[I 2025-11-25 09:07:19.987 ServerApp] Saving file at /notebooks/segment.py
[I 2025-11-25 09:07:55.940 ServerApp] Saving file at /notebooks/segment.py
[I 2025-11-25 09:08:22.625 ServerApp] Saving file at /notebooks/layout.ipynb
[I 2025-11-25 09:08:57.819 ServerApp] Saving file at /notebooks/segment.py
[I 2025-11-25 09:10:20.028 ServerApp] Saving file at /notebooks/segment.py
[I 2025-11-25 09:10:23.142 ServerApp] Saving file at /notebooks/layout.ipynb
[I 2025-11-25 09:10:41.901 ServerApp] Saving file at /notebooks/segment.py
[I 2025-11-25 09:11:17.611 ServerApp] Saving file at /notebooks/segment.py
[I 2025-11-25 09:11:26.493 ServerApp] Saving file at /notebooks/segment.py
[I 2025-11-25 09:12:23.493 ServerApp] Saving file at /notebooks/layout.ipynb
