cn13-dgx
Tue Nov 25 22:22:45 2025       
+-----------------------------------------------------------------------------------------+
| NVIDIA-SMI 550.144.03             Driver Version: 550.144.03     CUDA Version: 12.4     |
|-----------------------------------------+------------------------+----------------------+
| GPU  Name                 Persistence-M | Bus-Id          Disp.A | Volatile Uncorr. ECC |
| Fan  Temp   Perf          Pwr:Usage/Cap |           Memory-Usage | GPU-Util  Compute M. |
|                                         |                        |               MIG M. |
|=========================================+========================+======================|
|   0  NVIDIA A100-SXM4-80GB          On  |   00000000:47:00.0 Off |                    0 |
| N/A   27C    P0             60W /  400W |       1MiB /  81920MiB |      0%      Default |
|                                         |                        |             Disabled |
+-----------------------------------------+------------------------+----------------------+
|   1  NVIDIA A100-SXM4-80GB          On  |   00000000:4E:00.0 Off |                    0 |
| N/A   27C    P0             62W /  400W |       1MiB /  81920MiB |      0%      Default |
|                                         |                        |             Disabled |
+-----------------------------------------+------------------------+----------------------+
|   2  NVIDIA A100-SXM4-80GB          On  |   00000000:87:00.0 Off |                    0 |
| N/A   34C    P0             63W /  400W |       1MiB /  81920MiB |      0%      Default |
|                                         |                        |             Disabled |
+-----------------------------------------+------------------------+----------------------+
|   3  NVIDIA A100-SXM4-80GB          On  |   00000000:90:00.0 Off |                    0 |
| N/A   31C    P0             60W /  400W |       1MiB /  81920MiB |      0%      Default |
|                                         |                        |             Disabled |
+-----------------------------------------+------------------------+----------------------+
                                                                                         
+-----------------------------------------------------------------------------------------+
| Processes:                                                                              |
|  GPU   GI   CI        PID   Type   Process name                              GPU Memory |
|        ID   ID                                                               Usage      |
|=========================================================================================|
|  No running processes found                                                             |
+-----------------------------------------------------------------------------------------+
/scratch/slurm_conf/spool/slurm/d/job40594/slurm_script: line 18: cd: workspace/doctr-dit/: No such file or directory
[I 2025-11-25 22:23:01.844 ServerApp] jupyter_lsp | extension was successfully linked.
[I 2025-11-25 22:23:01.849 ServerApp] jupyter_server_terminals | extension was successfully linked.
[I 2025-11-25 22:23:01.853 ServerApp] jupyterlab | extension was successfully linked.
[I 2025-11-25 22:23:01.858 ServerApp] notebook | extension was successfully linked.
[I 2025-11-25 22:23:05.261 ServerApp] notebook_shim | extension was successfully linked.
[I 2025-11-25 22:23:05.569 ServerApp] notebook_shim | extension was successfully loaded.
[I 2025-11-25 22:23:05.571 ServerApp] jupyter_lsp | extension was successfully loaded.
[I 2025-11-25 22:23:05.572 ServerApp] jupyter_server_terminals | extension was successfully loaded.
[I 2025-11-25 22:23:05.587 LabApp] JupyterLab extension loaded from /home/compiling-ganesh/24m0797/workspace/doctr-dit/.venv/lib/python3.13/site-packages/jupyterlab
[I 2025-11-25 22:23:05.587 LabApp] JupyterLab application directory is /home/compiling-ganesh/24m0797/workspace/doctr-dit/.venv/share/jupyter/lab
[I 2025-11-25 22:23:05.588 LabApp] Extension Manager is 'pypi'.
[I 2025-11-25 22:23:06.178 ServerApp] jupyterlab | extension was successfully loaded.
[I 2025-11-25 22:23:06.185 ServerApp] notebook | extension was successfully loaded.
[I 2025-11-25 22:23:06.186 ServerApp] The port 8888 is already in use, trying another port.
[I 2025-11-25 22:23:06.186 ServerApp] Serving notebooks from local directory: /home/compiling-ganesh/24m0797/workspace/doctr-dit
[I 2025-11-25 22:23:06.186 ServerApp] Jupyter Server 2.17.0 is running at:
[I 2025-11-25 22:23:06.186 ServerApp] http://cn13-dgx:8889/lab?token=4e59defcb16661f19109dadcef6088fc1a00f92d5b2eba5c
[I 2025-11-25 22:23:06.186 ServerApp]     http://127.0.0.1:8889/lab?token=4e59defcb16661f19109dadcef6088fc1a00f92d5b2eba5c
[I 2025-11-25 22:23:06.186 ServerApp] Use Control-C to stop this server and shut down all kernels (twice to skip confirmation).
[W 2025-11-25 22:23:06.212 ServerApp] No web browser found: Error('could not locate runnable browser').
[C 2025-11-25 22:23:06.212 ServerApp] 
    
    To access the server, open this file in a browser:
        file:///home/compiling-ganesh/24m0797/.local/share/jupyter/runtime/jpserver-221758-open.html
    Or copy and paste one of these URLs:
        http://cn13-dgx:8889/lab?token=4e59defcb16661f19109dadcef6088fc1a00f92d5b2eba5c
        http://127.0.0.1:8889/lab?token=4e59defcb16661f19109dadcef6088fc1a00f92d5b2eba5c
[I 2025-11-25 22:23:06.268 ServerApp] Skipped non-installed server(s): basedpyright, bash-language-server, dockerfile-language-server-nodejs, javascript-typescript-langserver, jedi-language-server, julia-language-server, pyrefly, pyright, python-language-server, python-lsp-server, r-languageserver, sql-language-server, texlab, typescript-language-server, unified-language-server, vscode-css-languageserver-bin, vscode-html-languageserver-bin, vscode-json-languageserver-bin, yaml-language-server
